<?xml version="1.0" encoding="UTF-8"?>
<!-- Generated by org.testng.reporters.JUnitReportReporter -->
<testsuite hostname="DESKTOP-4II4DM0" failures="0" tests="4" name="com.qa.opencart.tests.LoginPageTest" time="0.922" errors="0" timestamp="2024-05-15T18:11:52 IST" skipped="0">
  <testcase classname="com.qa.opencart.tests.LoginPageTest" name="LoginPageUrlTest" time="0.016"/>
  <system-out/>
  <testcase classname="com.qa.opencart.tests.LoginPageTest" name="loginTest" time="0.826"/>
  <system-out/>
  <testcase classname="com.qa.opencart.tests.LoginPageTest" name="LoginPageTitleTest" time="0.011"/>
  <system-out/>
  <testcase classname="com.qa.opencart.tests.LoginPageTest" name="ForgotPwdlinkExistTest" time="0.069"/>
  <system-out/>
</testsuite> <!-- com.qa.opencart.tests.LoginPageTest -->
