<?xml version="1.0" encoding="UTF-8"?>
<!-- Generated by org.testng.reporters.JUnitReportReporter -->
<testsuite hostname="DESKTOP-4II4DM0" failures="0" tests="5" name="com.qa.opencart.tests.AccountPageTest" time="0.189" errors="0" timestamp="2024-05-14T23:52:44 IST" skipped="0">
  <testcase classname="com.qa.opencart.tests.AccountPageTest" name="isLogoutPageExistTest" time="0.046"/>
  <system-out/>
  <testcase classname="com.qa.opencart.tests.AccountPageTest" name="accountpageUrlTest" time="0.020"/>
  <system-out/>
  <testcase classname="com.qa.opencart.tests.AccountPageTest" name="accountPageTitleTest" time="0.018"/>
  <system-out/>
  <testcase classname="com.qa.opencart.tests.AccountPageTest" name="isAccountLinkExistTest" time="0.069"/>
  <system-out/>
  <testcase classname="com.qa.opencart.tests.AccountPageTest" name="isMyOrderLinkTest" time="0.036"/>
  <system-out/>
</testsuite> <!-- com.qa.opencart.tests.AccountPageTest -->
